Detecting C [-std=c11] compiler features failed to compile with the following output:
Change Dir: /Users/zw/code/C:C++_Projects/Learning_Unix_Network_Programming/cmake-build-debug/CMakeFiles/CMakeTmp

Run Build Command:"/usr/bin/make" "cmTC_37c6e/fast"
/Applications/Xcode.app/Contents/Developer/usr/bin/make -f CMakeFiles/cmTC_37c6e.dir/build.make CMakeFiles/cmTC_37c6e.dir/build
CMakeFiles/cmTC_37c6e.dir/build.make:64: *** target pattern contains no `%'.  Stop.
make: *** [cmTC_37c6e/fast] Error 2



Detecting CXX [-std=c++1z] compiler features failed to compile with the following output:
Change Dir: /Users/zw/code/C:C++_Projects/Learning_Unix_Network_Programming/cmake-build-debug/CMakeFiles/CMakeTmp

Run Build Command:"/usr/bin/make" "cmTC_b0f37/fast"
/Applications/Xcode.app/Contents/Developer/usr/bin/make -f CMakeFiles/cmTC_b0f37.dir/build.make CMakeFiles/cmTC_b0f37.dir/build
CMakeFiles/cmTC_b0f37.dir/build.make:64: *** target pattern contains no `%'.  Stop.
make: *** [cmTC_b0f37/fast] Error 2



